[2021-03-24 17:10:34] local.ERROR: GD Library extension not available with this PHP installation. {"userId":1,"exception":"[object] (Intervention\\Image\\Exception\\NotSupportedException(code: 0): GD Library extension not available with this PHP installation. at C:\\Users\\EQUIPO 5\\Documents\\GitHub\\Plan\\vendor\\intervention\\image\\src\\Intervention\\Image\\Gd\\Driver.php:19)
[stacktrace]
#0 C:\\Users\\EQUIPO 5\\Documents\\GitHub\\Plan\\vendor\\intervention\\image\\src\\Intervention\\Image\\ImageManager.php(112): Intervention\\Image\\Gd\\Driver->__construct()
#1 C:\\Users\\EQUIPO 5\\Documents\\GitHub\\Plan\\vendor\\intervention\\image\\src\\Intervention\\Image\\ImageManager.php(54): Intervention\\Image\\ImageManager->createDriver()
#2 C:\\Users\\EQUIPO 5\\Documents\\GitHub\\Plan\\vendor\\laravel\\framework\\src\\Illuminate\\Support\\Facades\\Facade.php(261): Intervention\\Image\\ImageManager->make()
#3 C:\\Users\\EQUIPO 5\\Documents\\GitHub\\Plan\\app\\Http\\Controllers\\UsuarioController.php(62): Illuminate\\Support\\Facades\\Facade::__callStatic()
#4 [internal function]: App\\Http\\Controllers\\UsuarioController->store()
#5 C:\\Users\\EQUIPO 5\\Documents\\GitHub\\Plan\\vendor\\laravel\\framework\\src\\Illuminate\\Routing\\Controller.php(54): call_user_func_array()
#6 C:\\Users\\EQUIPO 5\\Documents\\GitHub\\Plan\\vendor\\laravel\\framework\\src\\Illuminate\\Routing\\ControllerDispatcher.php(45): Illuminate\\Routing\\Controller->callAction()
#7 C:\\Users\\EQUIPO 5\\Documents\\GitHub\\Plan\\vendor\\laravel\\framework\\src\\Illuminate\\Routing\\Route.php(255): Illuminate\\Routing\\ControllerDispatcher->dispatch()
#8 C:\\Users\\EQUIPO 5\\Documents\\GitHub\\Plan\\vendor\\laravel\\framework\\src\\Illuminate\\Routing\\Route.php(197): Illuminate\\Routing\\Route->runController()
#9 C:\\Users\\EQUIPO 5\\Documents\\GitHub\\Plan\\vendor\\laravel\\framework\\src\\Illuminate\\Routing\\Router.php(691): Illuminate\\Routing\\Route->run()
#10 C:\\Users\\EQUIPO 5\\Documents\\GitHub\\Plan\\vendor\\laravel\\framework\\src\\Illuminate\\Pipeline\\Pipeline.php(128): Illuminate\\Routing\\Router->Illuminate\\Routing\\{closure}()
#11 C:\\Users\\EQUIPO 5\\Documents\\GitHub\\Plan\\vendor\\laravel\\framework\\src\\Illuminate\\Routing\\Middleware\\SubstituteBindings.php(41): Illuminate\\Pipeline\\Pipeline->Illuminate\\Pipeline\\{closure}()
#12 C:\\Users\\EQUIPO 5\\Documents\\GitHub\\Plan\\vendor\\laravel\\framework\\src\\Illuminate\\Pipeline\\Pipeline.php(167): Illuminate\\Routing\\Middleware\\SubstituteBindings->handle()
#13 C:\\Users\\EQUIPO 5\\Documents\\GitHub\\Plan\\vendor\\laravel\\framework\\src\\Illuminate\\Auth\\Middleware\\Authenticate.php(44): Illuminate\\Pipeline\\Pipeline->Illuminate\\Pipeline\\{closure}()
#14 C:\\Users\\EQUIPO 5\\Documents\\GitHub\\Plan\\vendor\\laravel\\framework\\src\\Illuminate\\Pipeline\\Pipeline.php(167): Illuminate\\Auth\\Middleware\\Authenticate->handle()
#15 C:\\Users\\EQUIPO 5\\Documents\\GitHub\\Plan\\vendor\\laravel\\framework\\src\\Illuminate\\Foundation\\Http\\Middleware\\VerifyCsrfToken.php(77): Illuminate\\Pipeline\\Pipeline->Illuminate\\Pipeline\\{closure}()
#16 C:\\Users\\EQUIPO 5\\Documents\\GitHub\\Plan\\vendor\\laravel\\framework\\src\\Illuminate\\Pipeline\\Pipeline.php(167): Illuminate\\Foundation\\Http\\Middleware\\VerifyCsrfToken->handle()
#17 C:\\Users\\EQUIPO 5\\Documents\\GitHub\\Plan\\vendor\\laravel\\framework\\src\\Illuminate\\View\\Middleware\\ShareErrorsFromSession.php(49): Illuminate\\Pipeline\\Pipeline->Illuminate\\Pipeline\\{closure}()
#18 C:\\Users\\EQUIPO 5\\Documents\\GitHub\\Plan\\vendor\\laravel\\framework\\src\\Illuminate\\Pipeline\\Pipeline.php(167): Illuminate\\View\\Middleware\\ShareErrorsFromSession->handle()
#19 C:\\Users\\EQUIPO 5\\Documents\\GitHub\\Plan\\vendor\\laravel\\framework\\src\\Illuminate\\Session\\Middleware\\StartSession.php(116): Illuminate\\Pipeline\\Pipeline->Illuminate\\Pipeline\\{closure}()
#20 C:\\Users\\EQUIPO 5\\Documents\\GitHub\\Plan\\vendor\\laravel\\framework\\src\\Illuminate\\Session\\Middleware\\StartSession.php(62): Illuminate\\Session\\Middleware\\StartSession->handleStatefulRequest()
#21 C:\\Users\\EQUIPO 5\\Documents\\GitHub\\Plan\\vendor\\laravel\\framework\\src\\Illuminate\\Pipeline\\Pipeline.php(167): Illuminate\\Session\\Middleware\\StartSession->handle()
#22 C:\\Users\\EQUIPO 5\\Documents\\GitHub\\Plan\\vendor\\laravel\\framework\\src\\Illuminate\\Cookie\\Middleware\\AddQueuedCookiesToResponse.php(37): Illuminate\\Pipeline\\Pipeline->Illuminate\\Pipeline\\{closure}()
#23 C:\\Users\\EQUIPO 5\\Documents\\GitHub\\Plan\\vendor\\laravel\\framework\\src\\Illuminate\\Pipeline\\Pipeline.php(167): Illuminate\\Cookie\\Middleware\\AddQueuedCookiesToResponse->handle()
#24 C:\\Users\\EQUIPO 5\\Documents\\GitHub\\Plan\\vendor\\laravel\\framework\\src\\Illuminate\\Cookie\\Middleware\\EncryptCookies.php(67): Illuminate\\Pipeline\\Pipeline->Illuminate\\Pipeline\\{closure}()
#25 C:\\Users\\EQUIPO 5\\Documents\\GitHub\\Plan\\vendor\\laravel\\framework\\src\\Illuminate\\Pipeline\\Pipeline.php(167): Illuminate\\Cookie\\Middleware\\EncryptCookies->handle()
#26 C:\\Users\\EQUIPO 5\\Documents\\GitHub\\Plan\\vendor\\laravel\\framework\\src\\Illuminate\\Pipeline\\Pipeline.php(103): Illuminate\\Pipeline\\Pipeline->Illuminate\\Pipeline\\{closure}()
#27 C:\\Users\\EQUIPO 5\\Documents\\GitHub\\Plan\\vendor\\laravel\\framework\\src\\Illuminate\\Routing\\Router.php(693): Illuminate\\Pipeline\\Pipeline->then()
#28 C:\\Users\\EQUIPO 5\\Documents\\GitHub\\Plan\\vendor\\laravel\\framework\\src\\Illuminate\\Routing\\Router.php(668): Illuminate\\Routing\\Router->runRouteWithinStack()
#29 C:\\Users\\EQUIPO 5\\Documents\\GitHub\\Plan\\vendor\\laravel\\framework\\src\\Illuminate\\Routing\\Router.php(634): Illuminate\\Routing\\Router->runRoute()
#30 C:\\Users\\EQUIPO 5\\Documents\\GitHub\\Plan\\vendor\\laravel\\framework\\src\\Illuminate\\Routing\\Router.php(623): Illuminate\\Routing\\Router->dispatchToRoute()
#31 C:\\Users\\EQUIPO 5\\Documents\\GitHub\\Plan\\vendor\\laravel\\framework\\src\\Illuminate\\Foundation\\Http\\Kernel.php(166): Illuminate\\Routing\\Router->dispatch()
#32 C:\\Users\\EQUIPO 5\\Documents\\GitHub\\Plan\\vendor\\laravel\\framework\\src\\Illuminate\\Pipeline\\Pipeline.php(128): Illuminate\\Foundation\\Http\\Kernel->Illuminate\\Foundation\\Http\\{closure}()
#33 C:\\Users\\EQUIPO 5\\Documents\\GitHub\\Plan\\vendor\\laravel\\framework\\src\\Illuminate\\Foundation\\Http\\Middleware\\TransformsRequest.php(21): Illuminate\\Pipeline\\Pipeline->Illuminate\\Pipeline\\{closure}()
#34 C:\\Users\\EQUIPO 5\\Documents\\GitHub\\Plan\\vendor\\laravel\\framework\\src\\Illuminate\\Pipeline\\Pipeline.php(167): Illuminate\\Foundation\\Http\\Middleware\\TransformsRequest->handle()
#35 C:\\Users\\EQUIPO 5\\Documents\\GitHub\\Plan\\vendor\\laravel\\framework\\src\\Illuminate\\Foundation\\Http\\Middleware\\TransformsRequest.php(21): Illuminate\\Pipeline\\Pipeline->Illuminate\\Pipeline\\{closure}()
#36 C:\\Users\\EQUIPO 5\\Documents\\GitHub\\Plan\\vendor\\laravel\\framework\\src\\Illuminate\\Pipeline\\Pipeline.php(167): Illuminate\\Foundation\\Http\\Middleware\\TransformsRequest->handle()
#37 C:\\Users\\EQUIPO 5\\Documents\\GitHub\\Plan\\vendor\\laravel\\framework\\src\\Illuminate\\Foundation\\Http\\Middleware\\ValidatePostSize.php(27): Illuminate\\Pipeline\\Pipeline->Illuminate\\Pipeline\\{closure}()
#38 C:\\Users\\EQUIPO 5\\Documents\\GitHub\\Plan\\vendor\\laravel\\framework\\src\\Illuminate\\Pipeline\\Pipeline.php(167): Illuminate\\Foundation\\Http\\Middleware\\ValidatePostSize->handle()
#39 C:\\Users\\EQUIPO 5\\Documents\\GitHub\\Plan\\vendor\\laravel\\framework\\src\\Illuminate\\Foundation\\Http\\Middleware\\PreventRequestsDuringMaintenance.php(87): Illuminate\\Pipeline\\Pipeline->Illuminate\\Pipeline\\{closure}()
#40 C:\\Users\\EQUIPO 5\\Documents\\GitHub\\Plan\\vendor\\laravel\\framework\\src\\Illuminate\\Pipeline\\Pipeline.php(167): Illuminate\\Foundation\\Http\\Middleware\\PreventRequestsDuringMaintenance->handle()
#41 C:\\Users\\EQUIPO 5\\Documents\\GitHub\\Plan\\vendor\\fruitcake\\laravel-cors\\src\\HandleCors.php(37): Illuminate\\Pipeline\\Pipeline->Illuminate\\Pipeline\\{closure}()
#42 C:\\Users\\EQUIPO 5\\Documents\\GitHub\\Plan\\vendor\\laravel\\framework\\src\\Illuminate\\Pipeline\\Pipeline.php(167): Fruitcake\\Cors\\HandleCors->handle()
#43 C:\\Users\\EQUIPO 5\\Documents\\GitHub\\Plan\\vendor\\fideloper\\proxy\\src\\TrustProxies.php(57): Illuminate\\Pipeline\\Pipeline->Illuminate\\Pipeline\\{closure}()
#44 C:\\Users\\EQUIPO 5\\Documents\\GitHub\\Plan\\vendor\\laravel\\framework\\src\\Illuminate\\Pipeline\\Pipeline.php(167): Fideloper\\Proxy\\TrustProxies->handle()
#45 C:\\Users\\EQUIPO 5\\Documents\\GitHub\\Plan\\vendor\\laravel\\framework\\src\\Illuminate\\Pipeline\\Pipeline.php(103): Illuminate\\Pipeline\\Pipeline->Illuminate\\Pipeline\\{closure}()
#46 C:\\Users\\EQUIPO 5\\Documents\\GitHub\\Plan\\vendor\\laravel\\framework\\src\\Illuminate\\Foundation\\Http\\Kernel.php(141): Illuminate\\Pipeline\\Pipeline->then()
#47 C:\\Users\\EQUIPO 5\\Documents\\GitHub\\Plan\\vendor\\laravel\\framework\\src\\Illuminate\\Foundation\\Http\\Kernel.php(110): Illuminate\\Foundation\\Http\\Kernel->sendRequestThroughRouter()
#48 C:\\Users\\EQUIPO 5\\Documents\\GitHub\\Plan\\public\\index.php(55): Illuminate\\Foundation\\Http\\Kernel->handle()
#49 C:\\Users\\EQUIPO 5\\Documents\\GitHub\\Plan\\server.php(21): require_once('...')
#50 {main}
"} 
[2021-03-24 17:11:34] local.ERROR: Image source not readable {"userId":1,"exception":"[object] (Intervention\\Image\\Exception\\NotReadableException(code: 0): Image source not readable at C:\\Users\\EQUIPO 5\\Documents\\GitHub\\Plan\\vendor\\intervention\\image\\src\\Intervention\\Image\\AbstractDecoder.php:346)
[stacktrace]
#0 C:\\Users\\EQUIPO 5\\Documents\\GitHub\\Plan\\vendor\\intervention\\image\\src\\Intervention\\Image\\AbstractDriver.php(66): Intervention\\Image\\AbstractDecoder->init()
#1 C:\\Users\\EQUIPO 5\\Documents\\GitHub\\Plan\\vendor\\intervention\\image\\src\\Intervention\\Image\\ImageManager.php(54): Intervention\\Image\\AbstractDriver->init()
#2 C:\\Users\\EQUIPO 5\\Documents\\GitHub\\Plan\\vendor\\laravel\\framework\\src\\Illuminate\\Support\\Facades\\Facade.php(261): Intervention\\Image\\ImageManager->make()
#3 C:\\Users\\EQUIPO 5\\Documents\\GitHub\\Plan\\app\\Http\\Controllers\\UsuarioController.php(62): Illuminate\\Support\\Facades\\Facade::__callStatic()
#4 [internal function]: App\\Http\\Controllers\\UsuarioController->store()
#5 C:\\Users\\EQUIPO 5\\Documents\\GitHub\\Plan\\vendor\\laravel\\framework\\src\\Illuminate\\Routing\\Controller.php(54): call_user_func_array()
#6 C:\\Users\\EQUIPO 5\\Documents\\GitHub\\Plan\\vendor\\laravel\\framework\\src\\Illuminate\\Routing\\ControllerDispatcher.php(45): Illuminate\\Routing\\Controller->callAction()
#7 C:\\Users\\EQUIPO 5\\Documents\\GitHub\\Plan\\vendor\\laravel\\framework\\src\\Illuminate\\Routing\\Route.php(255): Illuminate\\Routing\\ControllerDispatcher->dispatch()
#8 C:\\Users\\EQUIPO 5\\Documents\\GitHub\\Plan\\vendor\\laravel\\framework\\src\\Illuminate\\Routing\\Route.php(197): Illuminate\\Routing\\Route->runController()
#9 C:\\Users\\EQUIPO 5\\Documents\\GitHub\\Plan\\vendor\\laravel\\framework\\src\\Illuminate\\Routing\\Router.php(691): Illuminate\\Routing\\Route->run()
#10 C:\\Users\\EQUIPO 5\\Documents\\GitHub\\Plan\\vendor\\laravel\\framework\\src\\Illuminate\\Pipeline\\Pipeline.php(128): Illuminate\\Routing\\Router->Illuminate\\Routing\\{closure}()
#11 C:\\Users\\EQUIPO 5\\Documents\\GitHub\\Plan\\vendor\\laravel\\framework\\src\\Illuminate\\Routing\\Middleware\\SubstituteBindings.php(41): Illuminate\\Pipeline\\Pipeline->Illuminate\\Pipeline\\{closure}()
#12 C:\\Users\\EQUIPO 5\\Documents\\GitHub\\Plan\\vendor\\laravel\\framework\\src\\Illuminate\\Pipeline\\Pipeline.php(167): Illuminate\\Routing\\Middleware\\SubstituteBindings->handle()
#13 C:\\Users\\EQUIPO 5\\Documents\\GitHub\\Plan\\vendor\\laravel\\framework\\src\\Illuminate\\Auth\\Middleware\\Authenticate.php(44): Illuminate\\Pipeline\\Pipeline->Illuminate\\Pipeline\\{closure}()
#14 C:\\Users\\EQUIPO 5\\Documents\\GitHub\\Plan\\vendor\\laravel\\framework\\src\\Illuminate\\Pipeline\\Pipeline.php(167): Illuminate\\Auth\\Middleware\\Authenticate->handle()
#15 C:\\Users\\EQUIPO 5\\Documents\\GitHub\\Plan\\vendor\\laravel\\framework\\src\\Illuminate\\Foundation\\Http\\Middleware\\VerifyCsrfToken.php(77): Illuminate\\Pipeline\\Pipeline->Illuminate\\Pipeline\\{closure}()
#16 C:\\Users\\EQUIPO 5\\Documents\\GitHub\\Plan\\vendor\\laravel\\framework\\src\\Illuminate\\Pipeline\\Pipeline.php(167): Illuminate\\Foundation\\Http\\Middleware\\VerifyCsrfToken->handle()
#17 C:\\Users\\EQUIPO 5\\Documents\\GitHub\\Plan\\vendor\\laravel\\framework\\src\\Illuminate\\View\\Middleware\\ShareErrorsFromSession.php(49): Illuminate\\Pipeline\\Pipeline->Illuminate\\Pipeline\\{closure}()
#18 C:\\Users\\EQUIPO 5\\Documents\\GitHub\\Plan\\vendor\\laravel\\framework\\src\\Illuminate\\Pipeline\\Pipeline.php(167): Illuminate\\View\\Middleware\\ShareErrorsFromSession->handle()
#19 C:\\Users\\EQUIPO 5\\Documents\\GitHub\\Plan\\vendor\\laravel\\framework\\src\\Illuminate\\Session\\Middleware\\StartSession.php(116): Illuminate\\Pipeline\\Pipeline->Illuminate\\Pipeline\\{closure}()
#20 C:\\Users\\EQUIPO 5\\Documents\\GitHub\\Plan\\vendor\\laravel\\framework\\src\\Illuminate\\Session\\Middleware\\StartSession.php(62): Illuminate\\Session\\Middleware\\StartSession->handleStatefulRequest()
#21 C:\\Users\\EQUIPO 5\\Documents\\GitHub\\Plan\\vendor\\laravel\\framework\\src\\Illuminate\\Pipeline\\Pipeline.php(167): Illuminate\\Session\\Middleware\\StartSession->handle()
#22 C:\\Users\\EQUIPO 5\\Documents\\GitHub\\Plan\\vendor\\laravel\\framework\\src\\Illuminate\\Cookie\\Middleware\\AddQueuedCookiesToResponse.php(37): Illuminate\\Pipeline\\Pipeline->Illuminate\\Pipeline\\{closure}()
#23 C:\\Users\\EQUIPO 5\\Documents\\GitHub\\Plan\\vendor\\laravel\\framework\\src\\Illuminate\\Pipeline\\Pipeline.php(167): Illuminate\\Cookie\\Middleware\\AddQueuedCookiesToResponse->handle()
#24 C:\\Users\\EQUIPO 5\\Documents\\GitHub\\Plan\\vendor\\laravel\\framework\\src\\Illuminate\\Cookie\\Middleware\\EncryptCookies.php(67): Illuminate\\Pipeline\\Pipeline->Illuminate\\Pipeline\\{closure}()
#25 C:\\Users\\EQUIPO 5\\Documents\\GitHub\\Plan\\vendor\\laravel\\framework\\src\\Illuminate\\Pipeline\\Pipeline.php(167): Illuminate\\Cookie\\Middleware\\EncryptCookies->handle()
#26 C:\\Users\\EQUIPO 5\\Documents\\GitHub\\Plan\\vendor\\laravel\\framework\\src\\Illuminate\\Pipeline\\Pipeline.php(103): Illuminate\\Pipeline\\Pipeline->Illuminate\\Pipeline\\{closure}()
#27 C:\\Users\\EQUIPO 5\\Documents\\GitHub\\Plan\\vendor\\laravel\\framework\\src\\Illuminate\\Routing\\Router.php(693): Illuminate\\Pipeline\\Pipeline->then()
#28 C:\\Users\\EQUIPO 5\\Documents\\GitHub\\Plan\\vendor\\laravel\\framework\\src\\Illuminate\\Routing\\Router.php(668): Illuminate\\Routing\\Router->runRouteWithinStack()
#29 C:\\Users\\EQUIPO 5\\Documents\\GitHub\\Plan\\vendor\\laravel\\framework\\src\\Illuminate\\Routing\\Router.php(634): Illuminate\\Routing\\Router->runRoute()
#30 C:\\Users\\EQUIPO 5\\Documents\\GitHub\\Plan\\vendor\\laravel\\framework\\src\\Illuminate\\Routing\\Router.php(623): Illuminate\\Routing\\Router->dispatchToRoute()
#31 C:\\Users\\EQUIPO 5\\Documents\\GitHub\\Plan\\vendor\\laravel\\framework\\src\\Illuminate\\Foundation\\Http\\Kernel.php(166): Illuminate\\Routing\\Router->dispatch()
#32 C:\\Users\\EQUIPO 5\\Documents\\GitHub\\Plan\\vendor\\laravel\\framework\\src\\Illuminate\\Pipeline\\Pipeline.php(128): Illuminate\\Foundation\\Http\\Kernel->Illuminate\\Foundation\\Http\\{closure}()
#33 C:\\Users\\EQUIPO 5\\Documents\\GitHub\\Plan\\vendor\\laravel\\framework\\src\\Illuminate\\Foundation\\Http\\Middleware\\TransformsRequest.php(21): Illuminate\\Pipeline\\Pipeline->Illuminate\\Pipeline\\{closure}()
#34 C:\\Users\\EQUIPO 5\\Documents\\GitHub\\Plan\\vendor\\laravel\\framework\\src\\Illuminate\\Pipeline\\Pipeline.php(167): Illuminate\\Foundation\\Http\\Middleware\\TransformsRequest->handle()
#35 C:\\Users\\EQUIPO 5\\Documents\\GitHub\\Plan\\vendor\\laravel\\framework\\src\\Illuminate\\Foundation\\Http\\Middleware\\TransformsRequest.php(21): Illuminate\\Pipeline\\Pipeline->Illuminate\\Pipeline\\{closure}()
#36 C:\\Users\\EQUIPO 5\\Documents\\GitHub\\Plan\\vendor\\laravel\\framework\\src\\Illuminate\\Pipeline\\Pipeline.php(167): Illuminate\\Foundation\\Http\\Middleware\\TransformsRequest->handle()
#37 C:\\Users\\EQUIPO 5\\Documents\\GitHub\\Plan\\vendor\\laravel\\framework\\src\\Illuminate\\Foundation\\Http\\Middleware\\ValidatePostSize.php(27): Illuminate\\Pipeline\\Pipeline->Illuminate\\Pipeline\\{closure}()
#38 C:\\Users\\EQUIPO 5\\Documents\\GitHub\\Plan\\vendor\\laravel\\framework\\src\\Illuminate\\Pipeline\\Pipeline.php(167): Illuminate\\Foundation\\Http\\Middleware\\ValidatePostSize->handle()
#39 C:\\Users\\EQUIPO 5\\Documents\\GitHub\\Plan\\vendor\\laravel\\framework\\src\\Illuminate\\Foundation\\Http\\Middleware\\PreventRequestsDuringMaintenance.php(87): Illuminate\\Pipeline\\Pipeline->Illuminate\\Pipeline\\{closure}()
#40 C:\\Users\\EQUIPO 5\\Documents\\GitHub\\Plan\\vendor\\laravel\\framework\\src\\Illuminate\\Pipeline\\Pipeline.php(167): Illuminate\\Foundation\\Http\\Middleware\\PreventRequestsDuringMaintenance->handle()
#41 C:\\Users\\EQUIPO 5\\Documents\\GitHub\\Plan\\vendor\\fruitcake\\laravel-cors\\src\\HandleCors.php(37): Illuminate\\Pipeline\\Pipeline->Illuminate\\Pipeline\\{closure}()
#42 C:\\Users\\EQUIPO 5\\Documents\\GitHub\\Plan\\vendor\\laravel\\framework\\src\\Illuminate\\Pipeline\\Pipeline.php(167): Fruitcake\\Cors\\HandleCors->handle()
#43 C:\\Users\\EQUIPO 5\\Documents\\GitHub\\Plan\\vendor\\fideloper\\proxy\\src\\TrustProxies.php(57): Illuminate\\Pipeline\\Pipeline->Illuminate\\Pipeline\\{closure}()
#44 C:\\Users\\EQUIPO 5\\Documents\\GitHub\\Plan\\vendor\\laravel\\framework\\src\\Illuminate\\Pipeline\\Pipeline.php(167): Fideloper\\Proxy\\TrustProxies->handle()
#45 C:\\Users\\EQUIPO 5\\Documents\\GitHub\\Plan\\vendor\\laravel\\framework\\src\\Illuminate\\Pipeline\\Pipeline.php(103): Illuminate\\Pipeline\\Pipeline->Illuminate\\Pipeline\\{closure}()
#46 C:\\Users\\EQUIPO 5\\Documents\\GitHub\\Plan\\vendor\\laravel\\framework\\src\\Illuminate\\Foundation\\Http\\Kernel.php(141): Illuminate\\Pipeline\\Pipeline->then()
#47 C:\\Users\\EQUIPO 5\\Documents\\GitHub\\Plan\\vendor\\laravel\\framework\\src\\Illuminate\\Foundation\\Http\\Kernel.php(110): Illuminate\\Foundation\\Http\\Kernel->sendRequestThroughRouter()
#48 C:\\Users\\EQUIPO 5\\Documents\\GitHub\\Plan\\public\\index.php(55): Illuminate\\Foundation\\Http\\Kernel->handle()
#49 C:\\Users\\EQUIPO 5\\Documents\\GitHub\\Plan\\server.php(21): require_once('...')
#50 {main}
"} 
